<?xml version="1.0" encoding="UTF-8"?>
<!-- Generated by org.testng.reporters.JUnitXMLReporter -->
<testsuite ignored="0" hostname="LAPTOP-O2SPC5C9" failures="0" tests="8" name="Default test" time="2.924" errors="0" timestamp="2025-07-29T12:07:24 IST">
  <testcase classname="com.api.tests.UserDeletionTest" name="testDeleteUserWithWrongId" time="1.603"/>
  <testcase classname="com.api.tests.UserUpdationTest" name="testUpdateUserWithOutIdPassed" time="0.486"/>
  <testcase classname="com.api.tests.LoginTest" name="testValidLoginAPI" time="0.023"/>
  <testcase classname="com.api.tests.LoginTest" name="testInValidLoginAPI" time="0.014"/>
  <testcase classname="com.api.tests.UserCreationTest" name="testCreateUserWithToken" time="0.079"/>
  <testcase classname="com.api.tests.UserUpdationTest" name="testUpdateUserWithToken" time="0.05"/>
  <testcase classname="com.api.tests.UserDeletionTest" name="testDeleteUserWithToken" time="0.016"/>
  <testcase classname="com.api.tests.UserCreationTest" name="testCreateUserWithOutToken" time="0.016"/>
</testsuite> <!-- Default test -->
